<?xml version="1.0" encoding="UTF-8"?>
<!-- Generated by org.testng.reporters.JUnitReportReporter -->
<testsuite skipped="0" hostname="P5-H7L6T72" name="demoExcel.TestMeAppLoginDD" tests="3" failures="0" timestamp="18 Jun 2019 08:49:05 GMT" time="8.399" errors="0">
  <testcase name="f" time="5.244" classname="demoExcel.TestMeAppLoginDD"/>
  <testcase name="f" time="1.656" classname="demoExcel.TestMeAppLoginDD"/>
  <testcase name="f" time="1.499" classname="demoExcel.TestMeAppLoginDD"/>
</testsuite> <!-- demoExcel.TestMeAppLoginDD -->
