<?xml version="1.0" encoding="UTF-8"?>
<!-- Generated by org.testng.reporters.JUnitReportReporter -->
<testsuite skipped="0" hostname="P5-H7L6T72" name="demoWebDriver.HerkuAppLogin" tests="1" failures="0" timestamp="14 Jun 2019 10:12:06 GMT" time="6.240" errors="0">
  <testcase name="f" time="6.240" classname="demoWebDriver.HerkuAppLogin"/>
</testsuite> <!-- demoWebDriver.HerkuAppLogin -->
