<?xml version="1.0" encoding="UTF-8"?>
<!-- Generated by org.testng.reporters.JUnitReportReporter -->
<testsuite skipped="0" hostname="P5-H7L6T72" name="demoExcel.DemoWork" tests="1" failures="0" timestamp="17 Jun 2019 11:38:53 GMT" time="1.725" errors="0">
  <testcase name="f" time="1.725" classname="demoExcel.DemoWork"/>
</testsuite> <!-- demoExcel.DemoWork -->
