<?xml version="1.0" encoding="UTF-8"?>
<!-- Generated by org.testng.reporters.JUnitReportReporter -->
<testsuite skipped="0" hostname="P5-H7L6T72" name="demoExcel.EndToEndScenario" tests="1" failures="0" timestamp="18 Jun 2019 10:52:01 GMT" time="10.218" errors="0">
  <testcase name="f" time="10.218" classname="demoExcel.EndToEndScenario"/>
</testsuite> <!-- demoExcel.EndToEndScenario -->
