<?xml version="1.0" encoding="UTF-8"?>
<!-- Generated by org.testng.reporters.JUnitReportReporter -->
<testsuite skipped="0" hostname="P5-H7L6T72" name="demoActions.DemoDragandDrop" tests="1" failures="0" timestamp="17 Jun 2019 06:30:03 GMT" time="1.841" errors="0">
  <testcase name="f" time="1.841" classname="demoActions.DemoDragandDrop"/>
</testsuite> <!-- demoActions.DemoDragandDrop -->
