<?xml version="1.0" encoding="UTF-8"?>
<!-- Generated by org.testng.reporters.JUnitReportReporter -->
<testsuite skipped="0" hostname="P5-H7L6T72" name="demoExcel.DemoWriteExcel" tests="1" failures="0" timestamp="18 Jun 2019 06:36:58 GMT" time="2.188" errors="0">
  <testcase name="f" time="2.188" classname="demoExcel.DemoWriteExcel"/>
</testsuite> <!-- demoExcel.DemoWriteExcel -->
