<?xml version="1.0" encoding="UTF-8"?>
<!-- Generated by org.testng.reporters.JUnitReportReporter -->
<testsuite skipped="0" hostname="P5-H7L6T72" name="testngfeatures.MercuryApp" tests="6" failures="0" timestamp="14 Jun 2019 06:11:31 GMT" time="0.047" errors="0">
  <testcase name="bookFlight" time="0.000" classname="testngfeatures.MercuryApp"/>
  <testcase name="closeBrowser" time="0.000" classname="testngfeatures.MercuryApp"/>
  <testcase name="openBrowser" time="0.016" classname="testngfeatures.MercuryApp"/>
  <testcase name="logout" time="0.016" classname="testngfeatures.MercuryApp"/>
  <testcase name="OpenUrl" time="0.000" classname="testngfeatures.MercuryApp"/>
  <testcase name="login" time="0.015" classname="testngfeatures.MercuryApp"/>
</testsuite> <!-- testngfeatures.MercuryApp -->
