<?xml version="1.0" encoding="UTF-8"?>
<!-- Generated by org.testng.reporters.JUnitReportReporter -->
<testsuite skipped="0" hostname="P5-H7L6T72" name="demoWebDriver.DemoURLandSource" tests="1" failures="0" timestamp="14 Jun 2019 10:24:49 GMT" time="5.729" errors="0">
  <testcase name="f" time="5.729" classname="demoWebDriver.DemoURLandSource"/>
</testsuite> <!-- demoWebDriver.DemoURLandSource -->
