<?xml version="1.0" encoding="UTF-8"?>
<!-- Generated by org.testng.reporters.JUnitReportReporter -->
<testsuite skipped="0" hostname="P5-H7L6T72" name="basicsJuneSelenium.OpenTour" tests="1" failures="0" timestamp="13 Jun 2019 12:06:25 GMT" time="1.830" errors="0">
  <testcase name="f" time="1.830" classname="basicsJuneSelenium.OpenTour"/>
</testsuite> <!-- basicsJuneSelenium.OpenTour -->
