<?xml version="1.0" encoding="UTF-8"?>
<!-- Generated by org.testng.reporters.JUnitReportReporter -->
<testsuite skipped="0" hostname="P5-H7L6T72" name="testngfeatures.DemoDataProvider" tests="3" failures="0" timestamp="14 Jun 2019 04:31:23 GMT" time="0.031" errors="0">
  <testcase name="login" time="0.015" classname="testngfeatures.DemoDataProvider"/>
  <testcase name="login" time="0.000" classname="testngfeatures.DemoDataProvider"/>
  <testcase name="login" time="0.016" classname="testngfeatures.DemoDataProvider"/>
</testsuite> <!-- testngfeatures.DemoDataProvider -->
