<?xml version="1.0" encoding="UTF-8"?>
<!-- Generated by org.testng.reporters.JUnitReportReporter -->
<testsuite skipped="0" hostname="P5-H7L6T72" name="basicsJuneSelenium.OpenGoogle" tests="1" failures="0" timestamp="13 Jun 2019 12:01:55 GMT" time="1.721" errors="0">
  <testcase name="f" time="1.721" classname="basicsJuneSelenium.OpenGoogle"/>
</testsuite> <!-- basicsJuneSelenium.OpenGoogle -->
