<?xml version="1.0" encoding="UTF-8"?>
<!-- Generated by org.testng.reporters.JUnitReportReporter -->
<testsuite skipped="0" hostname="P5-H7L6T72" name="demoExcel.TestMeAppLoginDD2extent" tests="3" failures="0" timestamp="18 Jun 2019 09:00:38 GMT" time="10.506" errors="0">
  <testcase name="f" time="1.565" classname="demoExcel.TestMeAppLoginDD2extent"/>
  <testcase name="f" time="1.434" classname="demoExcel.TestMeAppLoginDD2extent"/>
  <testcase name="f" time="7.507" classname="demoExcel.TestMeAppLoginDD2extent"/>
</testsuite> <!-- demoExcel.TestMeAppLoginDD2extent -->
