<?xml version="1.0" encoding="UTF-8"?>
<!-- Generated by org.testng.reporters.JUnitReportReporter -->
<testsuite skipped="0" hostname="P5-H7L6T72" name="demoWebDriver.DemoWindows" tests="1" failures="0" timestamp="17 Jun 2019 09:23:40 GMT" time="12.775" errors="0">
  <testcase name="f" time="12.775" classname="demoWebDriver.DemoWindows"/>
</testsuite> <!-- demoWebDriver.DemoWindows -->
